  Camera.cpp
  ErrorHandler.cpp
  IndexBuffer.cpp
  main.cpp
c:\program files (x86)\windows kits\10\include\10.0.17763.0\shared\minwindef.h(130): warning C4005: “APIENTRY”: 宏重定义
  d:\code\opengl大作业-数媒1701-陈汉轩-201726010211\dependencies\glfw\include\glfw\glfw3.h(123): note: 参见“APIENTRY”的前一个定义
d:\code\opengl大作业-数媒1701-陈汉轩-201726010211\computergraphicsfinalproject\main.cpp(70): warning C4244: “参数”: 从“const GLfloat”转换到“GLint”，可能丢失数据
d:\code\opengl大作业-数媒1701-陈汉轩-201726010211\computergraphicsfinalproject\main.cpp(151): warning C4305: “参数”: 从“double”到“float”截断
  Mesh.cpp
  QRFactory.cpp
  Renderer.cpp
  imgui.cpp
  imgui_demo.cpp
  imgui_draw.cpp
  imgui_impl_glfw_gl3.cpp
  Shader.cpp
  stb_image.cpp
  Texture.cpp
  VertexBuffer.cpp
  VertexBufferLayout.cpp
  VertexArray.cpp
d:\code\opengl大作业-数媒1701-陈汉轩-201726010211\computergraphicsfinalproject\vertexarray.cpp(37): warning C4312: “类型强制转换”: 从“unsigned int”转换到更大的“const void *”
  Window.cpp
d:\code\opengl大作业-数媒1701-陈汉轩-201726010211\computergraphicsfinalproject\window.cpp(138): warning C4244: “=”: 从“double”转换到“GLfloat”，可能丢失数据
d:\code\opengl大作业-数媒1701-陈汉轩-201726010211\computergraphicsfinalproject\window.cpp(139): warning C4244: “=”: 从“double”转换到“GLfloat”，可能丢失数据
d:\code\opengl大作业-数媒1701-陈汉轩-201726010211\computergraphicsfinalproject\window.cpp(143): warning C4244: “=”: 从“double”转换到“GLfloat”，可能丢失数据
d:\code\opengl大作业-数媒1701-陈汉轩-201726010211\computergraphicsfinalproject\window.cpp(144): warning C4244: “=”: 从“double”转换到“GLfloat”，可能丢失数据
d:\code\opengl大作业-数媒1701-陈汉轩-201726010211\computergraphicsfinalproject\window.cpp(146): warning C4244: “=”: 从“double”转换到“GLfloat”，可能丢失数据
d:\code\opengl大作业-数媒1701-陈汉轩-201726010211\computergraphicsfinalproject\window.cpp(147): warning C4244: “=”: 从“double”转换到“GLfloat”，可能丢失数据
  正在生成代码...
d:\code\opengl大作业-数媒1701-陈汉轩-201726010211\computergraphicsfinalproject\window.cpp(86): warning C4715: “Window::Initialise”: 不是所有的控件路径都返回值
LINK : warning LNK4098: 默认库“MSVCRT”与其他库的使用冲突；请使用 /NODEFAULTLIB:library
  ComputerGraphicsFinalProject.vcxproj -> D:\code\opengl大作业-数媒1701-陈汉轩-201726010211\x64\Debug\ComputerGraphicsFinalProject.exe
